<?xml version="1.0" encoding="UTF-8"?>
<!-- Generated by org.testng.reporters.JUnitXMLReporter -->
<testsuite ignored="1" hostname="INLEN8520087176" failures="0" tests="1" name="Default test" time="40.628" errors="0" timestamp="2023-01-09T17:11:12 IST">
  <testcase classname="com.app.test.ScenarioTests" name="verifyScenario4" time="37.296"/>
  <testcase classname="com.app.test.ScenarioTests" name="verifyScenario2" time="0.0">
    <ignored/>
  </testcase> <!-- verifyScenario2 -->
</testsuite> <!-- Default test -->
